<?xml version="1.0" encoding="UTF-8"?>
<!-- Generated by org.testng.reporters.JUnitReportReporter -->
<testsuite skipped="0" hostname="DESKTOP-MRNVS04" name="package01.Login" tests="1" failures="0" timestamp="20 八月 2019 17:01:01 GMT" time="31.578" errors="0">
  <testcase name="loginSuccess" time="31.578" classname="package01.Login"/>
</testsuite> <!-- package01.Login -->
