<?xml version="1.0" encoding="UTF-8"?>
<!-- Generated by org.testng.reporters.JUnitReportReporter -->
<testsuite skipped="0" hostname="DESKTOP-MRNVS04" name="log4j.LoggerTest" tests="1" failures="0" timestamp="18 八月 2019 22:40:02 GMT" time="0.019" errors="0">
  <testcase name="testLog" time="0.019" classname="log4j.LoggerTest"/>
</testsuite> <!-- log4j.LoggerTest -->
