<?xml version="1.0" encoding="UTF-8"?>
<!-- Generated by org.testng.reporters.JUnitReportReporter -->
<testsuite skipped="0" hostname="DESKTOP-MRNVS04" name="package01.RegisterTest" tests="1" failures="0" timestamp="19 八月 2019 12:03:53 GMT" time="23.428" errors="0">
  <testcase name="registerTest" time="23.428" classname="package01.RegisterTest"/>
</testsuite> <!-- package01.RegisterTest -->
