<?xml version="1.0" encoding="UTF-8"?>
<!-- Generated by org.testng.reporters.JUnitReportReporter -->
<testsuite skipped="0" hostname="DESKTOP-MRNVS04" name="package01.SendMail3" tests="1" failures="0" timestamp="25 八月 2019 15:33:14 GMT" time="13.207" errors="0">
  <testcase name="sendMail" time="13.207" classname="package01.SendMail3"/>
</testsuite> <!-- package01.SendMail3 -->
