<?xml version="1.0" encoding="UTF-8"?>
<!-- Generated by org.testng.reporters.JUnitReportReporter -->
<testsuite skipped="0" hostname="DESKTOP-MRNVS04" name="package01.TestBrowser" tests="2" failures="0" timestamp="18 八月 2019 11:02:53 GMT" time="13.134" errors="0">
  <testcase name="mallcooTest" time="4.565" classname="package01.TestBrowser"/>
  <testcase name="liulanqi" time="8.569" classname="package01.TestBrowser"/>
</testsuite> <!-- package01.TestBrowser -->
