<?xml version="1.0" encoding="UTF-8"?>
<!-- Generated by org.testng.reporters.JUnitReportReporter -->
<testsuite skipped="0" hostname="DESKTOP-MRNVS04" name="package01.SendMail4xpath" tests="1" failures="0" timestamp="19 八月 2019 11:42:46 GMT" time="11.274" errors="0">
  <testcase name="sendMail" time="11.274" classname="package01.SendMail4xpath"/>
</testsuite> <!-- package01.SendMail4xpath -->
